<?xml version="1.0" encoding="UTF-8"?>
<!-- Generated by org.testng.reporters.JUnitReportReporter -->
<testsuite hostname="DESKTOP-QMA7PH3" name="test.com.itexps.CalculatorTest" tests="1" failures="0" timestamp="2 May 2023 17:22:05 GMT" time="0.063" errors="0">
  <testcase name="testAdd" time="0.063" classname="test.com.itexps.CalculatorTest"/>
</testsuite> <!-- test.com.itexps.CalculatorTest -->
